<?xml version="1.0" encoding="UTF-8"?>
<!-- Generated by org.testng.reporters.JUnitXMLReporter -->
<testsuite ignored="0" hostname="DELL" failures="0" tests="5" name="Default test" time="0.278" errors="0" timestamp="2023-05-16T16:17:05 IST">
  <testcase classname="testngprt.annotation1" name="opnbroweser" time="0.057"/>
  <testcase classname="testngprt.annotation1" name="login1" time="0.005"/>
  <testcase classname="testngprt.annotation1" name="verify_uids" time="0.005"/>
  <testcase classname="testngprt.annotation1" name="logout" time="0.008"/>
  <testcase classname="testngprt.annotation1" name="closebrs" time="0.005"/>
</testsuite> <!-- Default test -->
