<?xml version="1.0" encoding="UTF-8"?>
<!-- Generated by org.testng.reporters.JUnitXMLReporter -->
<testsuite ignored="0" hostname="DELL" failures="0" tests="5" name="Test" time="0.373" errors="0" timestamp="2023-05-16T22:20:03 IST">
  <testcase classname="testngprt.annotation1" name="opnbroweser" time="0.095"/>
  <testcase classname="testngprt.annotation1" name="login1" time="0.01"/>
  <testcase classname="testngprt.annotation1" name="verify_uids" time="0.004"/>
  <testcase classname="testngprt.annotation1" name="logout" time="0.004"/>
  <testcase classname="testngprt.annotation1" name="closebrs" time="0.003"/>
</testsuite> <!-- Test -->
