<?xml version="1.0" encoding="UTF-8"?>
<!-- Generated by org.testng.reporters.JUnitXMLReporter -->
<testsuite ignored="0" hostname="DELL" failures="1" tests="1" name="Test(failed)" time="0.265" errors="0" timestamp="2023-05-16T16:22:01 IST">
  <testcase classname="testngprt.a22" name="hvr" time="0.065">
    <failure type="java.lang.AssertionError" message="null">
      <![CDATA[java.lang.AssertionError: null
at testngprt.a22.hvr(a22.java:10)
at java.base/java.util.ArrayList.forEach(ArrayList.java:1511)
... Removed 27 stack frames]]>
    </failure>
  </testcase> <!-- hvr -->
</testsuite> <!-- Test(failed) -->
