<?xml version="1.0" encoding="UTF-8"?>
<testng-results ignored="0" total="2" passed="2" failed="0" skipped="0">
  <reporter-output>
  </reporter-output>
  <suite started-at="2022-11-26T15:02:27 IST" name="Suite" finished-at="2022-11-26T15:02:46 IST" duration-ms="19652">
    <groups>
    </groups>
    <test started-at="2022-11-26T15:02:27 IST" name="Test33" finished-at="2022-11-26T15:02:43 IST" duration-ms="16782">
      <class name="test_ng_paralleltesting.eg2_paralleltesting33">
        <test-method signature="openzerodha()[pri:0, instance:test_ng_paralleltesting.eg2_paralleltesting33@1afd44cb]" started-at="2022-11-26T15:02:27 IST" name="openzerodha" finished-at="2022-11-26T15:02:43 IST" duration-ms="16588" status="PASS">
          <reporter-output>
          </reporter-output>
        </test-method> <!-- openzerodha -->
      </class> <!-- test_ng_paralleltesting.eg2_paralleltesting33 -->
    </test> <!-- Test33 -->
    <test started-at="2022-11-26T15:02:27 IST" name="Test22" finished-at="2022-11-26T15:02:46 IST" duration-ms="19652">
      <class name="test_ng_paralleltesting.eg1_parallel_testin1g22">
        <test-method signature="openupstox()[pri:0, instance:test_ng_paralleltesting.eg1_parallel_testin1g22@29626d54]" started-at="2022-11-26T15:02:27 IST" name="openupstox" finished-at="2022-11-26T15:02:46 IST" duration-ms="19474" status="PASS">
          <reporter-output>
          </reporter-output>
        </test-method> <!-- openupstox -->
      </class> <!-- test_ng_paralleltesting.eg1_parallel_testin1g22 -->
    </test> <!-- Test22 -->
  </suite> <!-- Suite -->
</testng-results>
